<?xml version="1.0" encoding="UTF-8"?>
<testng-results ignored="0" total="1" passed="1" failed="0" skipped="0">
  <reporter-output>
  </reporter-output>
  <suite started-at="2025-06-27T13:27:46 IST" name="Suite" finished-at="2025-06-27T13:27:55 IST" duration-ms="8668">
    <groups>
    </groups>
    <test started-at="2025-06-27T13:27:46 IST" name="Test" finished-at="2025-06-27T13:27:55 IST" duration-ms="8668">
      <class name="testCases.TC_FlightBooking">
        <test-method is-config="true" signature="setup()[pri:0, instance:testCases.TC_FlightBooking@408d971b]" started-at="2025-06-27T13:27:47 IST" name="setup" finished-at="2025-06-27T13:27:50 IST" duration-ms="3818" status="PASS">
          <reporter-output>
          </reporter-output>
        </test-method> <!-- setup -->
        <test-method signature="BookFlight()[pri:0, instance:testCases.TC_FlightBooking@408d971b]" started-at="2025-06-27T13:27:50 IST" name="BookFlight" finished-at="2025-06-27T13:27:55 IST" duration-ms="4439" status="PASS">
          <reporter-output>
          </reporter-output>
        </test-method> <!-- BookFlight -->
        <test-method is-config="true" signature="teardown()[pri:0, instance:testCases.TC_FlightBooking@408d971b]" started-at="2025-06-27T13:27:55 IST" name="teardown" finished-at="2025-06-27T13:27:55 IST" duration-ms="346" status="PASS">
          <reporter-output>
          </reporter-output>
        </test-method> <!-- teardown -->
      </class> <!-- testCases.TC_FlightBooking -->
    </test> <!-- Test -->
  </suite> <!-- Suite -->
</testng-results>
